12:38:08.211 [main] DEBUG org.testng.TestNG - suiteXmlPath: "C:\Users\Durga\eclipse-workspace\HybridFramework\gropping.xml"
12:38:08.960 [main] INFO  org.testng.internal.Utils - [TestNG] Running:
  C:\Users\Durga\eclipse-workspace\HybridFramework\gropping.xml

12:42:47.368 [main] DEBUG org.testng.TestNG - suiteXmlPath: "C:\Users\Durga\eclipse-workspace\HybridFramework\gropping.xml"
12:42:48.393 [main] INFO  org.testng.internal.Utils - [TestNG] Running:
  C:\Users\Durga\eclipse-workspace\HybridFramework\gropping.xml

12:51:14.546 [main] DEBUG org.testng.TestNG - suiteXmlPath: "C:\Users\Durga\eclipse-workspace\HybridFramework\gropping.xml"
12:51:15.740 [main] INFO  org.testng.internal.Utils - [TestNG] Running:
  C:\Users\Durga\eclipse-workspace\HybridFramework\gropping.xml

12:52:39.868 [main] DEBUG org.testng.TestNG - suiteXmlPath: "C:\Users\Durga\eclipse-workspace\HybridFramework\gropping.xml"
12:52:41.230 [main] INFO  org.testng.internal.Utils - [TestNG] Running:
  C:\Users\Durga\eclipse-workspace\HybridFramework\gropping.xml

13:07:32.549 [main] DEBUG org.testng.TestNG - suiteXmlPath: "C:\Users\Durga\eclipse-workspace\HybridFramework\gropping.xml"
13:07:34.201 [main] INFO  org.testng.internal.Utils - [TestNG] Running:
  C:\Users\Durga\eclipse-workspace\HybridFramework\gropping.xml

13:09:22.213 [main] DEBUG org.testng.TestNG - suiteXmlPath: "C:\Users\Durga\eclipse-workspace\HybridFramework\gropping.xml"
13:09:23.069 [main] INFO  org.testng.internal.Utils - [TestNG] Running:
  C:\Users\Durga\eclipse-workspace\HybridFramework\gropping.xml

13:11:43.195 [main] DEBUG org.testng.TestNG - suiteXmlPath: "C:\Users\Durga\eclipse-workspace\HybridFramework\gropping.xml"
13:11:44.274 [main] INFO  org.testng.internal.Utils - [TestNG] Running:
  C:\Users\Durga\eclipse-workspace\HybridFramework\gropping.xml

13:11:56.538 [main] INFO  testCases.TC001_AccountRegistraionTest - ****** Stating T001_AccountRegistraionTest***
13:15:00.814 [main] DEBUG org.testng.TestNG - suiteXmlPath: "C:\Users\Durga\eclipse-workspace\HybridFramework\gropping.xml"
13:15:03.930 [main] INFO  org.testng.internal.Utils - [TestNG] Running:
  C:\Users\Durga\eclipse-workspace\HybridFramework\gropping.xml

13:15:16.334 [main] INFO  testCases.TC001_AccountRegistraionTest - ****** Stating T001_AccountRegistraionTest***
13:17:50.677 [main] DEBUG org.testng.TestNG - suiteXmlPath: "C:\Users\Durga\eclipse-workspace\HybridFramework\gropping.xml"
13:17:51.961 [main] INFO  org.testng.internal.Utils - [TestNG] Running:
  C:\Users\Durga\eclipse-workspace\HybridFramework\gropping.xml

13:19:36.092 [main] DEBUG org.testng.TestNG - suiteXmlPath: "C:\Users\Durga\eclipse-workspace\HybridFramework\gropping.xml"
13:19:37.363 [main] INFO  org.testng.internal.Utils - [TestNG] Running:
  C:\Users\Durga\eclipse-workspace\HybridFramework\gropping.xml

13:20:44.241 [main] DEBUG org.testng.TestNG - suiteXmlPath: "C:\Users\Durga\eclipse-workspace\HybridFramework\gropping.xml"
13:20:45.865 [main] INFO  org.testng.internal.Utils - [TestNG] Running:
  C:\Users\Durga\eclipse-workspace\HybridFramework\gropping.xml

13:22:16.302 [main] DEBUG org.testng.TestNG - suiteXmlPath: "C:\Users\Durga\eclipse-workspace\HybridFramework\gropping.xml"
13:22:17.821 [main] INFO  org.testng.internal.Utils - [TestNG] Running:
  C:\Users\Durga\eclipse-workspace\HybridFramework\gropping.xml

13:22:41.841 [main] INFO  testCases.TC002_LoginTest - **** Starting TC_002_LoinTest***
13:22:49.582 [main] INFO  testCases.TC002_LoginTest - **** Login successful***
13:22:51.441 [main] INFO  testCases.TC002_LoginTest - ****My Account page is displayed***
13:22:51.441 [main] INFO  testCases.TC002_LoginTest - *******Finished TC_002_LoginTest*****
13:23:40.488 [main] DEBUG org.testng.TestNG - suiteXmlPath: "C:\Users\Durga\eclipse-workspace\HybridFramework\gropping.xml"
13:23:41.903 [main] INFO  org.testng.internal.Utils - [TestNG] Running:
  C:\Users\Durga\eclipse-workspace\HybridFramework\gropping.xml

13:23:54.250 [main] INFO  testCases.TC001_AccountRegistraionTest - ****** Stating T001_AccountRegistraionTest***
13:24:08.654 [main] INFO  testCases.TC002_LoginTest - **** Starting TC_002_LoinTest***
13:24:19.867 [main] INFO  testCases.TC002_LoginTest - **** Login successful***
13:24:21.365 [main] INFO  testCases.TC002_LoginTest - ****My Account page is displayed***
13:24:21.366 [main] INFO  testCases.TC002_LoginTest - *******Finished TC_002_LoginTest*****
13:27:01.948 [main] DEBUG org.testng.TestNG - suiteXmlPath: "C:\Users\Durga\eclipse-workspace\HybridFramework\gropping.xml"
13:27:02.888 [main] INFO  org.testng.internal.Utils - [TestNG] Running:
  C:\Users\Durga\eclipse-workspace\HybridFramework\gropping.xml

13:27:15.141 [main] INFO  testCases.TC001_AccountRegistraionTest - ****** Stating T001_AccountRegistraionTest***
13:27:22.251 [main] INFO  testCases.TC001_AccountRegistraionTest - ****FinishT001_AccountRegistraionTest***
13:27:28.004 [main] INFO  testCases.TC002_LoginTest - **** Starting TC_002_LoinTest***
