14:54:07.170 [main] INFO  testCases.TC002_LoginTest - ****My Account page is displayed***
14:54:07.190 [main] INFO  testCases.TC002_LoginTest - *******Finished TC_002_LoginTest*****
14:56:36.671 [main] DEBUG org.testng.TestNG - suiteXmlPath: "C:\Users\Durga\eclipse-workspace\HybridFramework\master.xml"
14:56:37.766 [main] INFO  org.testng.internal.Utils - [TestNG] Running:
  C:\Users\Durga\eclipse-workspace\HybridFramework\master.xml

14:56:47.472 [main] INFO  testCases.TC001_AccountRegistraionTest - ****** Stating T001_AccountRegistraionTest***
14:57:45.379 [main] DEBUG org.testng.TestNG - suiteXmlPath: "C:\Users\Durga\eclipse-workspace\HybridFramework\master.xml"
14:57:46.331 [main] INFO  org.testng.internal.Utils - [TestNG] Running:
  C:\Users\Durga\eclipse-workspace\HybridFramework\master.xml

14:58:56.099 [main] DEBUG org.testng.TestNG - suiteXmlPath: "C:\Users\Durga\eclipse-workspace\HybridFramework\master.xml"
14:58:56.896 [main] INFO  org.testng.internal.Utils - [TestNG] Running:
  C:\Users\Durga\eclipse-workspace\HybridFramework\master.xml

15:00:19.408 [main] DEBUG org.testng.TestNG - suiteXmlPath: "C:\Users\Durga\eclipse-workspace\HybridFramework\master.xml"
15:00:20.814 [main] INFO  org.testng.internal.Utils - [TestNG] Running:
  C:\Users\Durga\eclipse-workspace\HybridFramework\master.xml

15:02:39.156 [main] DEBUG org.testng.TestNG - suiteXmlPath: "C:\Users\Durga\eclipse-workspace\HybridFramework\master.xml"
15:02:40.150 [main] INFO  org.testng.internal.Utils - [TestNG] Running:
  C:\Users\Durga\eclipse-workspace\HybridFramework\master.xml

15:06:45.113 [main] DEBUG org.testng.TestNG - suiteXmlPath: "C:\Users\Durga\eclipse-workspace\HybridFramework\master.xml"
15:06:45.949 [main] INFO  org.testng.internal.Utils - [TestNG] Running:
  C:\Users\Durga\eclipse-workspace\HybridFramework\master.xml

15:10:43.549 [main] DEBUG org.testng.TestNG - suiteXmlPath: "C:\Users\Durga\eclipse-workspace\HybridFramework\master.xml"
15:10:44.706 [main] INFO  org.testng.internal.Utils - [TestNG] Running:
  C:\Users\Durga\eclipse-workspace\HybridFramework\master.xml

15:10:56.279 [main] INFO  testCases.TC001_AccountRegistraionTest - ****** Stating T001_AccountRegistraionTest***
15:14:00.110 [main] DEBUG org.testng.TestNG - suiteXmlPath: "C:\Users\Durga\eclipse-workspace\HybridFramework\master.xml"
15:14:09.885 [main] INFO  testCases.TC001_AccountRegistraionTest - ****** Stating T001_AccountRegistraionTest***
15:14:29.287 [main] INFO  testCases.TC001_AccountRegistraionTest - ****FinishT001_AccountRegistraionTest***
15:14:37.427 [main] INFO  testCases.TC002_LoginTest - **** Starting TC_002_LoinTest***
15:14:42.098 [main] INFO  testCases.TC002_LoginTest - **** Login successful***
15:14:43.582 [main] INFO  testCases.TC002_LoginTest - ****My Account page is displayed***
15:14:43.582 [main] INFO  testCases.TC002_LoginTest - *******Finished TC_002_LoginTest*****
15:15:29.854 [main] DEBUG org.testng.TestNG - suiteXmlPath: "C:\Users\Durga\eclipse-workspace\HybridFramework\master.xml"
15:15:37.993 [main] INFO  testCases.TC001_AccountRegistraionTest - ****** Stating T001_AccountRegistraionTest***
15:15:43.658 [main] INFO  testCases.TC001_AccountRegistraionTest - ****FinishT001_AccountRegistraionTest***
15:15:48.709 [main] INFO  testCases.TC002_LoginTest - **** Starting TC_002_LoinTest***
15:15:52.063 [main] INFO  testCases.TC002_LoginTest - **** Login successful***
15:15:52.977 [main] INFO  testCases.TC002_LoginTest - ****My Account page is displayed***
15:15:52.977 [main] INFO  testCases.TC002_LoginTest - *******Finished TC_002_LoginTest*****
